2017-09-13 19:55:52,180 INFO  [org.jboss.modules] (main) JBoss Modules version 1.3.3.Final
2017-09-13 19:55:52,407 INFO  [org.jboss.msc] (main) JBoss MSC version 1.2.2.Final
2017-09-13 19:55:52,471 INFO  [org.jboss.as] (MSC service thread 1-5) JBAS015899: WildFly 8.2.1.Final "Tweek" starting
2017-09-13 19:55:52,476 DEBUG [org.jboss.as.config] (MSC service thread 1-5) Configured system properties:
	[Standalone] = 
	awt.toolkit = sun.awt.X11.XToolkit
	file.encoding = UTF-8
	file.encoding.pkg = sun.io
	file.separator = /
	java.awt.graphicsenv = sun.awt.X11GraphicsEnvironment
	java.awt.headless = true
	java.awt.printerjob = sun.print.PSPrinterJob
	java.class.path = /home/15280414/Desktop/petclinic/javaee7-petclinic/wildfly-8.2.1.Final/jboss-modules.jar
	java.class.version = 52.0
	java.endorsed.dirs = /usr/lib/jvm/java-8-oracle/jre/lib/endorsed
	java.ext.dirs = /usr/lib/jvm/java-8-oracle/jre/lib/ext:/usr/java/packages/lib/ext
	java.home = /usr/lib/jvm/java-8-oracle/jre
	java.io.tmpdir = /tmp
	java.library.path = /usr/lib/jvm/java-8-oracle/jre/lib/amd64/server:/usr/lib/jvm/java-8-oracle/jre/lib/amd64:/usr/lib/jvm/java-8-oracle/jre/../lib/amd64:/opt/dbmain/bin:/opt/dbmain/bin/../java/jre/lib/amd64/server::/usr/java/packages/lib/amd64:/usr/lib64:/lib64:/lib:/usr/lib
	java.net.preferIPv4Stack = true
	java.runtime.name = Java(TM) SE Runtime Environment
	java.runtime.version = 1.8.0_121-b13
	java.specification.name = Java Platform API Specification
	java.specification.vendor = Oracle Corporation
	java.specification.version = 1.8
	java.util.logging.manager = org.jboss.logmanager.LogManager
	java.vendor = Oracle Corporation
	java.vendor.url = http://java.oracle.com/
	java.vendor.url.bug = http://bugreport.sun.com/bugreport/
	java.version = 1.8.0_121
	java.vm.info = mixed mode
	java.vm.name = Java HotSpot(TM) 64-Bit Server VM
	java.vm.specification.name = Java Virtual Machine Specification
	java.vm.specification.vendor = Oracle Corporation
	java.vm.specification.version = 1.8
	java.vm.vendor = Oracle Corporation
	java.vm.version = 25.121-b13
	javax.management.builder.initial = org.jboss.as.jmx.PluggableMBeanServerBuilder
	javax.xml.datatype.DatatypeFactory = __redirected.__DatatypeFactory
	javax.xml.parsers.DocumentBuilderFactory = __redirected.__DocumentBuilderFactory
	javax.xml.parsers.SAXParserFactory = __redirected.__SAXParserFactory
	javax.xml.stream.XMLEventFactory = __redirected.__XMLEventFactory
	javax.xml.stream.XMLInputFactory = __redirected.__XMLInputFactory
	javax.xml.stream.XMLOutputFactory = __redirected.__XMLOutputFactory
	javax.xml.transform.TransformerFactory = __redirected.__TransformerFactory
	javax.xml.validation.SchemaFactory:http://www.w3.org/2001/XMLSchema = __redirected.__SchemaFactory
	javax.xml.xpath.XPathFactory:http://java.sun.com/jaxp/xpath/dom = __redirected.__XPathFactory
	jboss.home.dir = /home/15280414/Desktop/petclinic/javaee7-petclinic/wildfly-8.2.1.Final
	jboss.host.name = l1975317
	jboss.modules.dir = /home/15280414/Desktop/petclinic/javaee7-petclinic/wildfly-8.2.1.Final/modules
	jboss.modules.system.pkgs = org.jboss.byteman
	jboss.node.name = l1975317
	jboss.qualified.host.name = l1975317.portoalegre.pucrsnet.br
	jboss.server.base.dir = /home/15280414/Desktop/petclinic/javaee7-petclinic/wildfly-8.2.1.Final/standalone
	jboss.server.config.dir = /home/15280414/Desktop/petclinic/javaee7-petclinic/wildfly-8.2.1.Final/standalone/configuration
	jboss.server.data.dir = /home/15280414/Desktop/petclinic/javaee7-petclinic/wildfly-8.2.1.Final/standalone/data
	jboss.server.deploy.dir = /home/15280414/Desktop/petclinic/javaee7-petclinic/wildfly-8.2.1.Final/standalone/data/content
	jboss.server.log.dir = /home/15280414/Desktop/petclinic/javaee7-petclinic/wildfly-8.2.1.Final/standalone/log
	jboss.server.name = l1975317
	jboss.server.persist.config = true
	jboss.server.temp.dir = /home/15280414/Desktop/petclinic/javaee7-petclinic/wildfly-8.2.1.Final/standalone/tmp
	line.separator = 

	logging.configuration = file:/home/15280414/Desktop/petclinic/javaee7-petclinic/wildfly-8.2.1.Final/standalone/configuration/logging.properties
	module.path = /home/15280414/Desktop/petclinic/javaee7-petclinic/wildfly-8.2.1.Final/modules
	org.jboss.boot.log.file = /home/15280414/Desktop/petclinic/javaee7-petclinic/wildfly-8.2.1.Final/standalone/log/server.log
	org.jboss.resolver.warning = true
	org.xml.sax.driver = __redirected.__XMLReaderFactory
	os.arch = amd64
	os.name = Linux
	os.version = 4.4.0-53-generic
	path.separator = :
	sun.arch.data.model = 64
	sun.boot.class.path = /usr/lib/jvm/java-8-oracle/jre/lib/resources.jar:/usr/lib/jvm/java-8-oracle/jre/lib/rt.jar:/usr/lib/jvm/java-8-oracle/jre/lib/sunrsasign.jar:/usr/lib/jvm/java-8-oracle/jre/lib/jsse.jar:/usr/lib/jvm/java-8-oracle/jre/lib/jce.jar:/usr/lib/jvm/java-8-oracle/jre/lib/charsets.jar:/usr/lib/jvm/java-8-oracle/jre/lib/jfr.jar:/usr/lib/jvm/java-8-oracle/jre/classes
	sun.boot.library.path = /usr/lib/jvm/java-8-oracle/jre/lib/amd64
	sun.cpu.endian = little
	sun.cpu.isalist = 
	sun.desktop = gnome
	sun.io.unicode.encoding = UnicodeLittle
	sun.java.command = /home/15280414/Desktop/petclinic/javaee7-petclinic/wildfly-8.2.1.Final/jboss-modules.jar -mp /home/15280414/Desktop/petclinic/javaee7-petclinic/wildfly-8.2.1.Final/modules org.jboss.as.standalone -Djboss.home.dir=/home/15280414/Desktop/petclinic/javaee7-petclinic/wildfly-8.2.1.Final -Djboss.server.base.dir=/home/15280414/Desktop/petclinic/javaee7-petclinic/wildfly-8.2.1.Final/standalone
	sun.java.launcher = SUN_STANDARD
	sun.jnu.encoding = UTF-8
	sun.management.compiler = HotSpot 64-Bit Tiered Compilers
	sun.os.patch.level = unknown
	user.country = US
	user.dir = /home/15280414/Desktop/petclinic/javaee7-petclinic/wildfly-8.2.1.Final/bin
	user.home = /home/15280414
	user.language = en
	user.name = 15280414
	user.timezone = America/Sao_Paulo
2017-09-13 19:55:52,477 DEBUG [org.jboss.as.config] (MSC service thread 1-5) VM Arguments: -D[Standalone] -XX:+UseCompressedOops -XX:+UseCompressedOops -Xms64m -Xmx512m -XX:MaxPermSize=256m -Djava.net.preferIPv4Stack=true -Djboss.modules.system.pkgs=org.jboss.byteman -Djava.awt.headless=true -Dorg.jboss.boot.log.file=/home/15280414/Desktop/petclinic/javaee7-petclinic/wildfly-8.2.1.Final/standalone/log/server.log -Dlogging.configuration=file:/home/15280414/Desktop/petclinic/javaee7-petclinic/wildfly-8.2.1.Final/standalone/configuration/logging.properties 
2017-09-13 19:55:53,410 INFO  [org.jboss.as.server] (Controller Boot Thread) JBAS015888: Creating http management service using socket-binding (management-http)
2017-09-13 19:55:53,426 INFO  [org.xnio] (MSC service thread 1-4) XNIO version 3.3.0.Final
2017-09-13 19:55:53,433 INFO  [org.xnio.nio] (MSC service thread 1-4) XNIO NIO Implementation Version 3.3.0.Final
2017-09-13 19:55:53,489 INFO  [org.jboss.as.clustering.infinispan] (ServerService Thread Pool -- 32) JBAS010280: Activating Infinispan subsystem.
2017-09-13 19:55:53,508 INFO  [org.wildfly.extension.io] (ServerService Thread Pool -- 31) WFLYIO001: Worker 'default' has auto-configured to 8 core threads with 64 task threads based on your 4 available processors
2017-09-13 19:55:53,512 INFO  [org.jboss.as.jsf] (ServerService Thread Pool -- 38) JBAS012615: Activated the following JSF Implementations: [main]
2017-09-13 19:55:53,527 INFO  [org.jboss.as.security] (ServerService Thread Pool -- 45) JBAS013171: Activating Security Subsystem
2017-09-13 19:55:53,529 WARN  [org.jboss.as.txn] (ServerService Thread Pool -- 46) JBAS010153: Node identifier property is set to the default value. Please make sure it is unique.
2017-09-13 19:55:53,534 INFO  [org.jboss.as.connector.logging] (MSC service thread 1-5) JBAS010408: Starting JCA Subsystem (IronJacamar 1.1.9.Final)
2017-09-13 19:55:53,534 INFO  [org.jboss.as.webservices] (ServerService Thread Pool -- 48) JBAS015537: Activating WebServices Extension
2017-09-13 19:55:53,544 INFO  [org.jboss.as.naming] (ServerService Thread Pool -- 40) JBAS011800: Activating Naming Subsystem
2017-09-13 19:55:53,561 INFO  [org.jboss.as.connector.subsystems.datasources] (ServerService Thread Pool -- 27) JBAS010403: Deploying JDBC-compliant driver class org.h2.Driver (version 1.3)
2017-09-13 19:55:53,561 INFO  [org.jboss.as.security] (MSC service thread 1-3) JBAS013170: Current PicketBox version=4.0.21.Final
2017-09-13 19:55:53,572 INFO  [org.wildfly.extension.undertow] (ServerService Thread Pool -- 47) JBAS017502: Undertow 1.1.8.Final starting
2017-09-13 19:55:53,580 INFO  [org.jboss.as.naming] (MSC service thread 1-1) JBAS011802: Starting Naming Service
2017-09-13 19:55:53,581 INFO  [org.jboss.as.mail.extension] (MSC service thread 1-1) JBAS015400: Bound mail session [java:jboss/mail/Default]
2017-09-13 19:55:53,585 INFO  [org.jboss.remoting] (MSC service thread 1-4) JBoss Remoting version 4.0.7.Final
2017-09-13 19:55:53,586 INFO  [org.wildfly.extension.undertow] (MSC service thread 1-2) JBAS017502: Undertow 1.1.8.Final starting
2017-09-13 19:55:53,609 INFO  [org.jboss.as.connector.deployers.jdbc] (MSC service thread 1-7) JBAS010417: Started Driver service with driver-name = h2
2017-09-13 19:55:53,777 INFO  [org.wildfly.extension.undertow] (ServerService Thread Pool -- 47) JBAS017527: Creating file handler for path /home/15280414/Desktop/petclinic/javaee7-petclinic/wildfly-8.2.1.Final/welcome-content
2017-09-13 19:55:53,781 INFO  [org.wildfly.extension.undertow] (MSC service thread 1-6) JBAS017525: Started server default-server.
2017-09-13 19:55:53,865 INFO  [org.wildfly.extension.undertow] (MSC service thread 1-2) JBAS017531: Host default-host starting
2017-09-13 19:55:53,967 INFO  [org.wildfly.extension.undertow] (MSC service thread 1-6) JBAS017519: Undertow HTTP listener default listening on /127.0.0.1:8080
2017-09-13 19:55:54,026 INFO  [org.jboss.as.server.deployment.scanner] (MSC service thread 1-3) JBAS015012: Started FileSystemDeploymentService for directory /home/15280414/Desktop/petclinic/javaee7-petclinic/wildfly-8.2.1.Final/standalone/deployments
2017-09-13 19:55:54,116 INFO  [org.jboss.as.connector.subsystems.datasources] (MSC service thread 1-5) JBAS010400: Bound data source [java:jboss/datasources/ExampleDS]
2017-09-13 19:55:54,233 INFO  [org.jboss.ws.common.management] (MSC service thread 1-4) JBWS022052: Starting JBoss Web Services - Stack CXF Server 4.3.2.Final
2017-09-13 19:55:54,365 INFO  [org.jboss.as] (Controller Boot Thread) JBAS015961: Http management interface listening on http://127.0.0.1:9990/management
2017-09-13 19:55:54,366 INFO  [org.jboss.as] (Controller Boot Thread) JBAS015951: Admin console listening on http://127.0.0.1:9990
2017-09-13 19:55:54,366 INFO  [org.jboss.as] (Controller Boot Thread) JBAS015874: WildFly 8.2.1.Final "Tweek" started in 2896ms - Started 184 of 234 services (82 services are lazy, passive or on-demand)
2017-09-13 19:59:21,573 INFO  [org.jboss.as.repository] (management-handler-thread - 1) JBAS014900: Content added at location /home/15280414/Desktop/petclinic/javaee7-petclinic/wildfly-8.2.1.Final/standalone/data/content/34/5a96167ac9cead3c0e5ef991487141b3dfdee3/content
2017-09-13 19:59:21,597 INFO  [org.jboss.as.server.deployment] (MSC service thread 1-3) JBAS015876: Starting deployment of "javaee7-petclinic-1.3-SNAPSHOT.war" (runtime-name: "javaee7-petclinic-1.3-SNAPSHOT.war")
2017-09-13 19:59:22,476 INFO  [org.jboss.as.jpa] (MSC service thread 1-6) JBAS011401: Read persistence.xml for javaee7petclinic
2017-09-13 19:59:22,605 INFO  [org.jboss.as.jpa] (ServerService Thread Pool -- 51) JBAS011409: Starting Persistence Unit (phase 1 of 2) Service 'javaee7-petclinic-1.3-SNAPSHOT.war#javaee7petclinic'
2017-09-13 19:59:22,614 INFO  [org.hibernate.jpa.internal.util.LogHelper] (ServerService Thread Pool -- 51) HHH000204: Processing PersistenceUnitInfo [
	name: javaee7petclinic
	...]
2017-09-13 19:59:22,672 INFO  [org.hibernate.Version] (ServerService Thread Pool -- 51) HHH000412: Hibernate Core {4.3.7.Final}
2017-09-13 19:59:22,674 INFO  [org.hibernate.cfg.Environment] (ServerService Thread Pool -- 51) HHH000206: hibernate.properties not found
2017-09-13 19:59:22,675 INFO  [org.hibernate.cfg.Environment] (ServerService Thread Pool -- 51) HHH000021: Bytecode provider name : javassist
2017-09-13 19:59:22,842 INFO  [org.jboss.weld.deployer] (MSC service thread 1-4) JBAS016002: Processing weld deployment javaee7-petclinic-1.3-SNAPSHOT.war
2017-09-13 19:59:22,887 INFO  [org.hibernate.validator.internal.util.Version] (MSC service thread 1-4) HV000001: Hibernate Validator 5.1.3.Final
2017-09-13 19:59:22,943 INFO  [org.jboss.as.ejb3.deployment.processors.EjbJndiBindingsDeploymentUnitProcessor] (MSC service thread 1-4) JNDI bindings for session bean named VetWebservice in deployment unit deployment "javaee7-petclinic-1.3-SNAPSHOT.war" are as follows:

	java:global/javaee7-petclinic-1.3-SNAPSHOT/VetWebservice!org.woehlke.javaee7.petclinic.services.VetWebservice
	java:app/javaee7-petclinic-1.3-SNAPSHOT/VetWebservice!org.woehlke.javaee7.petclinic.services.VetWebservice
	java:module/VetWebservice!org.woehlke.javaee7.petclinic.services.VetWebservice
	java:global/javaee7-petclinic-1.3-SNAPSHOT/VetWebservice
	java:app/javaee7-petclinic-1.3-SNAPSHOT/VetWebservice
	java:module/VetWebservice

2017-09-13 19:59:22,944 INFO  [org.jboss.as.ejb3.deployment.processors.EjbJndiBindingsDeploymentUnitProcessor] (MSC service thread 1-4) JNDI bindings for session bean named SpecialtyDaoImpl in deployment unit deployment "javaee7-petclinic-1.3-SNAPSHOT.war" are as follows:

	java:global/javaee7-petclinic-1.3-SNAPSHOT/SpecialtyDaoImpl!org.woehlke.javaee7.petclinic.dao.SpecialtyDao
	java:app/javaee7-petclinic-1.3-SNAPSHOT/SpecialtyDaoImpl!org.woehlke.javaee7.petclinic.dao.SpecialtyDao
	java:module/SpecialtyDaoImpl!org.woehlke.javaee7.petclinic.dao.SpecialtyDao
	java:global/javaee7-petclinic-1.3-SNAPSHOT/SpecialtyDaoImpl
	java:app/javaee7-petclinic-1.3-SNAPSHOT/SpecialtyDaoImpl
	java:module/SpecialtyDaoImpl

2017-09-13 19:59:22,944 INFO  [org.jboss.as.ejb3.deployment.processors.EjbJndiBindingsDeploymentUnitProcessor] (MSC service thread 1-4) JNDI bindings for session bean named OwnerServiceImpl in deployment unit deployment "javaee7-petclinic-1.3-SNAPSHOT.war" are as follows:

	java:global/javaee7-petclinic-1.3-SNAPSHOT/OwnerServiceImpl!org.woehlke.javaee7.petclinic.services.OwnerService
	java:app/javaee7-petclinic-1.3-SNAPSHOT/OwnerServiceImpl!org.woehlke.javaee7.petclinic.services.OwnerService
	java:module/OwnerServiceImpl!org.woehlke.javaee7.petclinic.services.OwnerService
	java:global/javaee7-petclinic-1.3-SNAPSHOT/OwnerServiceImpl
	java:app/javaee7-petclinic-1.3-SNAPSHOT/OwnerServiceImpl
	java:module/OwnerServiceImpl

2017-09-13 19:59:22,944 INFO  [org.jboss.as.ejb3.deployment.processors.EjbJndiBindingsDeploymentUnitProcessor] (MSC service thread 1-4) JNDI bindings for session bean named VetDaoImpl in deployment unit deployment "javaee7-petclinic-1.3-SNAPSHOT.war" are as follows:

	java:global/javaee7-petclinic-1.3-SNAPSHOT/VetDaoImpl!org.woehlke.javaee7.petclinic.dao.VetDao
	java:app/javaee7-petclinic-1.3-SNAPSHOT/VetDaoImpl!org.woehlke.javaee7.petclinic.dao.VetDao
	java:module/VetDaoImpl!org.woehlke.javaee7.petclinic.dao.VetDao
	java:global/javaee7-petclinic-1.3-SNAPSHOT/VetDaoImpl
	java:app/javaee7-petclinic-1.3-SNAPSHOT/VetDaoImpl
	java:module/VetDaoImpl

2017-09-13 19:59:22,945 INFO  [org.jboss.as.ejb3.deployment.processors.EjbJndiBindingsDeploymentUnitProcessor] (MSC service thread 1-4) JNDI bindings for session bean named PetTypeDaoImpl in deployment unit deployment "javaee7-petclinic-1.3-SNAPSHOT.war" are as follows:

	java:global/javaee7-petclinic-1.3-SNAPSHOT/PetTypeDaoImpl!org.woehlke.javaee7.petclinic.dao.PetTypeDao
	java:app/javaee7-petclinic-1.3-SNAPSHOT/PetTypeDaoImpl!org.woehlke.javaee7.petclinic.dao.PetTypeDao
	java:module/PetTypeDaoImpl!org.woehlke.javaee7.petclinic.dao.PetTypeDao
	java:global/javaee7-petclinic-1.3-SNAPSHOT/PetTypeDaoImpl
	java:app/javaee7-petclinic-1.3-SNAPSHOT/PetTypeDaoImpl
	java:module/PetTypeDaoImpl

2017-09-13 19:59:22,945 INFO  [org.jboss.as.ejb3.deployment.processors.EjbJndiBindingsDeploymentUnitProcessor] (MSC service thread 1-4) JNDI bindings for session bean named VisitDaoImpl in deployment unit deployment "javaee7-petclinic-1.3-SNAPSHOT.war" are as follows:

	java:global/javaee7-petclinic-1.3-SNAPSHOT/VisitDaoImpl!org.woehlke.javaee7.petclinic.dao.VisitDao
	java:app/javaee7-petclinic-1.3-SNAPSHOT/VisitDaoImpl!org.woehlke.javaee7.petclinic.dao.VisitDao
	java:module/VisitDaoImpl!org.woehlke.javaee7.petclinic.dao.VisitDao
	java:global/javaee7-petclinic-1.3-SNAPSHOT/VisitDaoImpl
	java:app/javaee7-petclinic-1.3-SNAPSHOT/VisitDaoImpl
	java:module/VisitDaoImpl

2017-09-13 19:59:22,945 INFO  [org.jboss.as.ejb3.deployment.processors.EjbJndiBindingsDeploymentUnitProcessor] (MSC service thread 1-4) JNDI bindings for session bean named PetDaoImpl in deployment unit deployment "javaee7-petclinic-1.3-SNAPSHOT.war" are as follows:

	java:global/javaee7-petclinic-1.3-SNAPSHOT/PetDaoImpl!org.woehlke.javaee7.petclinic.dao.PetDao
	java:app/javaee7-petclinic-1.3-SNAPSHOT/PetDaoImpl!org.woehlke.javaee7.petclinic.dao.PetDao
	java:module/PetDaoImpl!org.woehlke.javaee7.petclinic.dao.PetDao
	java:global/javaee7-petclinic-1.3-SNAPSHOT/PetDaoImpl
	java:app/javaee7-petclinic-1.3-SNAPSHOT/PetDaoImpl
	java:module/PetDaoImpl

2017-09-13 19:59:22,945 INFO  [org.jboss.as.ejb3.deployment.processors.EjbJndiBindingsDeploymentUnitProcessor] (MSC service thread 1-4) JNDI bindings for session bean named OwnerDaoImpl in deployment unit deployment "javaee7-petclinic-1.3-SNAPSHOT.war" are as follows:

	java:global/javaee7-petclinic-1.3-SNAPSHOT/OwnerDaoImpl!org.woehlke.javaee7.petclinic.dao.OwnerDao
	java:app/javaee7-petclinic-1.3-SNAPSHOT/OwnerDaoImpl!org.woehlke.javaee7.petclinic.dao.OwnerDao
	java:module/OwnerDaoImpl!org.woehlke.javaee7.petclinic.dao.OwnerDao
	java:global/javaee7-petclinic-1.3-SNAPSHOT/OwnerDaoImpl
	java:app/javaee7-petclinic-1.3-SNAPSHOT/OwnerDaoImpl
	java:module/OwnerDaoImpl

2017-09-13 19:59:23,531 INFO  [org.jboss.weld.deployer] (MSC service thread 1-6) JBAS016005: Starting Services for CDI deployment: javaee7-petclinic-1.3-SNAPSHOT.war
2017-09-13 19:59:23,556 INFO  [org.jboss.weld.Version] (MSC service thread 1-6) WELD-000900: 2.2.6 (Final)
2017-09-13 19:59:23,593 INFO  [org.jboss.weld.deployer] (MSC service thread 1-1) JBAS016008: Starting weld service for deployment javaee7-petclinic-1.3-SNAPSHOT.war
2017-09-13 19:59:23,707 INFO  [org.jboss.as.jpa] (ServerService Thread Pool -- 51) JBAS011409: Starting Persistence Unit (phase 2 of 2) Service 'javaee7-petclinic-1.3-SNAPSHOT.war#javaee7petclinic'
2017-09-13 19:59:23,764 INFO  [org.hibernate.annotations.common.Version] (ServerService Thread Pool -- 51) HCANN000001: Hibernate Commons Annotations {4.0.4.Final}
2017-09-13 19:59:23,929 INFO  [org.hibernate.dialect.Dialect] (ServerService Thread Pool -- 51) HHH000400: Using dialect: org.hibernate.dialect.H2Dialect
2017-09-13 19:59:23,935 WARN  [org.hibernate.dialect.H2Dialect] (ServerService Thread Pool -- 51) HHH000431: Unable to determine H2 database version, certain features may not work
2017-09-13 19:59:24,077 INFO  [org.hibernate.hql.internal.ast.ASTQueryTranslatorFactory] (ServerService Thread Pool -- 51) HHH000397: Using ASTQueryTranslatorFactory
2017-09-13 19:59:24,199 INFO  [org.hibernate.search.Version] (ServerService Thread Pool -- 51) HSEARCH000034: Hibernate Search 4.5.0.Final
2017-09-13 19:59:24,410 INFO  [org.hibernate.annotations.common.Version] (ServerService Thread Pool -- 51) HCANN000001: Hibernate Commons Annotations {4.0.4.Final}
2017-09-13 19:59:24,413 WARN  [org.hibernate.search.impl.ConfigContext] (ServerService Thread Pool -- 51) HSEARCH000075: Configuration setting hibernate.search.lucene_version was not specified, using LUCENE_CURRENT.
2017-09-13 19:59:24,460 INFO  [org.hibernate.search.store.impl.DirectoryProviderHelper] (ServerService Thread Pool -- 51) HSEARCH000041: Index directory not found, creating: '/home/15280414/Desktop/petclinic/javaee7-petclinic/wildfly-8.2.1.Final/bin/./org.woehlke.javaee7.petclinic.entities.Vet'
2017-09-13 19:59:24,612 INFO  [org.hibernate.search.store.impl.DirectoryProviderHelper] (ServerService Thread Pool -- 51) HSEARCH000041: Index directory not found, creating: '/home/15280414/Desktop/petclinic/javaee7-petclinic/wildfly-8.2.1.Final/bin/./org.woehlke.javaee7.petclinic.entities.Owner'
2017-09-13 19:59:24,686 INFO  [org.hibernate.dialect.Dialect] (ServerService Thread Pool -- 51) HHH000400: Using dialect: org.hibernate.dialect.H2Dialect
2017-09-13 19:59:24,687 WARN  [org.hibernate.dialect.H2Dialect] (ServerService Thread Pool -- 51) HHH000431: Unable to determine H2 database version, certain features may not work
2017-09-13 19:59:24,693 WARN  [org.hibernate.jpa.internal.schemagen.GenerationTargetToDatabase] (ServerService Thread Pool -- 51) Unable to execute JPA schema generation drop command [alter table pets drop constraint FK_hiremaxooqscpn6c1kw3tvsia if exists]
2017-09-13 19:59:24,693 WARN  [org.hibernate.jpa.internal.schemagen.GenerationTargetToDatabase] (ServerService Thread Pool -- 51) Unable to execute JPA schema generation drop command [alter table pets drop constraint FK_5avf7qbbcwdrfspmfktmmv197 if exists]
2017-09-13 19:59:24,693 WARN  [org.hibernate.jpa.internal.schemagen.GenerationTargetToDatabase] (ServerService Thread Pool -- 51) Unable to execute JPA schema generation drop command [alter table vet_specialties drop constraint FK_f4qd88flit0kftbmmjlxageng if exists]
2017-09-13 19:59:24,694 WARN  [org.hibernate.jpa.internal.schemagen.GenerationTargetToDatabase] (ServerService Thread Pool -- 51) Unable to execute JPA schema generation drop command [alter table vet_specialties drop constraint FK_ec5j1tlc75pkq99vvfgf8qtmn if exists]
2017-09-13 19:59:24,694 WARN  [org.hibernate.jpa.internal.schemagen.GenerationTargetToDatabase] (ServerService Thread Pool -- 51) Unable to execute JPA schema generation drop command [alter table visits drop constraint FK_8qmy9owedmbinuh0npataahkm if exists]
2017-09-13 19:59:24,695 WARN  [org.hibernate.jpa.internal.schemagen.GenerationTargetToDatabase] (ServerService Thread Pool -- 51) Unable to execute JPA schema generation drop command [drop sequence hibernate_sequence]
2017-09-13 19:59:25,356 INFO  [org.richfaces.log.Webapp] (MSC service thread 1-4) Auto-registered servlet ResourceServlet with mapping '/org.richfaces.resources/*'
2017-09-13 19:59:25,399 INFO  [javax.enterprise.resource.webcontainer.jsf.config] (MSC service thread 1-4) Initializing Mojarra 2.2.8-jbossorg-1 20140822-1131 for context '/javaee7-petclinic-1.3-SNAPSHOT'
2017-09-13 19:59:26,874 INFO  [org.richfaces.log.Cache] (MSC service thread 1-4) Selected fallback cache factory
2017-09-13 19:59:26,876 INFO  [org.richfaces.log.Cache] (MSC service thread 1-4) Creating LRUMap cache instance using parameters: {org.jboss.weld.context.ignore.forward=false, resteasy.injector.factory=org.jboss.resteasy.cdi.CdiInjectorFactory, org.jboss.weld.context.ignore.include=false, resteasy.scanned.jndi.resources=java:app/javaee7-petclinic-1.3-SNAPSHOT/VetWebservice;org.woehlke.javaee7.petclinic.services.VetWebservice;true, resteasy.unwrapped.exceptions=javax.ejb.EJBException, org.jboss.jbossfaces.IS_CDI=true}
2017-09-13 19:59:26,882 INFO  [org.richfaces.log.Cache] (MSC service thread 1-4) Creating LRUMap cache instance of 512 items capacity
2017-09-13 19:59:26,892 INFO  [org.richfaces.log.Application] (MSC service thread 1-4) RichFaces Core by JBoss by Red Hat, version 4.5.17.Final
2017-09-13 19:59:27,041 WARNING [org.richfaces.log.Application] (MSC service thread 1-4) JMS API was found on the classpath; if you want to enable RichFaces Push JMS integration, set context-param 'org.richfaces.push.jms.enabled' in web.xml
2017-09-13 19:59:27,248 INFO  [org.jboss.resteasy.spi.ResteasyDeployment] (MSC service thread 1-4) Deploying javax.ws.rs.core.Application: class org.woehlke.javaee7.petclinic.services.JaxRsActivator
2017-09-13 19:59:27,273 INFO  [org.wildfly.extension.undertow] (MSC service thread 1-4) JBAS017534: Registered web context: /javaee7-petclinic-1.3-SNAPSHOT
2017-09-13 19:59:27,392 INFO  [org.jboss.as.server] (management-handler-thread - 1) JBAS018559: Deployed "javaee7-petclinic-1.3-SNAPSHOT.war" (runtime-name : "javaee7-petclinic-1.3-SNAPSHOT.war")
2017-09-13 20:07:17,008 ERROR [org.jboss.as.ejb3.invocation] (default task-34) JBAS014134: EJB Invocation failed on component VetDaoImpl for method public abstract java.util.List org.woehlke.javaee7.petclinic.dao.VetDao.search(java.lang.String): javax.ejb.EJBException: org.hibernate.search.errors.EmptyQueryException: HSEARCH000146: The query string 'a' applied on field 'firstName' has no meaningfull tokens to be matched. Validate the query input against the Analyzer applied on this field.
	at org.jboss.as.ejb3.tx.CMTTxInterceptor.handleExceptionInOurTx(CMTTxInterceptor.java:190) [wildfly-ejb3-8.2.1.Final.jar:8.2.1.Final]
	at org.jboss.as.ejb3.tx.CMTTxInterceptor.invokeInOurTx(CMTTxInterceptor.java:275) [wildfly-ejb3-8.2.1.Final.jar:8.2.1.Final]
	at org.jboss.as.ejb3.tx.CMTTxInterceptor.required(CMTTxInterceptor.java:340) [wildfly-ejb3-8.2.1.Final.jar:8.2.1.Final]
	at org.jboss.as.ejb3.tx.CMTTxInterceptor.processInvocation(CMTTxInterceptor.java:239) [wildfly-ejb3-8.2.1.Final.jar:8.2.1.Final]
	at org.jboss.invocation.InterceptorContext.proceed(InterceptorContext.java:309)
	at org.jboss.as.ejb3.component.interceptors.CurrentInvocationContextInterceptor.processInvocation(CurrentInvocationContextInterceptor.java:41) [wildfly-ejb3-8.2.1.Final.jar:8.2.1.Final]
	at org.jboss.invocation.InterceptorContext.proceed(InterceptorContext.java:309)
	at org.jboss.as.ejb3.component.invocationmetrics.WaitTimeInterceptor.processInvocation(WaitTimeInterceptor.java:43) [wildfly-ejb3-8.2.1.Final.jar:8.2.1.Final]
	at org.jboss.invocation.InterceptorContext.proceed(InterceptorContext.java:309)
	at org.jboss.as.ejb3.security.SecurityContextInterceptor.processInvocation(SecurityContextInterceptor.java:95) [wildfly-ejb3-8.2.1.Final.jar:8.2.1.Final]
	at org.jboss.invocation.InterceptorContext.proceed(InterceptorContext.java:309)
	at org.jboss.as.ejb3.component.interceptors.ShutDownInterceptorFactory$1.processInvocation(ShutDownInterceptorFactory.java:64) [wildfly-ejb3-8.2.1.Final.jar:8.2.1.Final]
	at org.jboss.invocation.InterceptorContext.proceed(InterceptorContext.java:309)
	at org.jboss.as.ejb3.component.interceptors.LoggingInterceptor.processInvocation(LoggingInterceptor.java:59) [wildfly-ejb3-8.2.1.Final.jar:8.2.1.Final]
	at org.jboss.invocation.InterceptorContext.proceed(InterceptorContext.java:309)
	at org.jboss.as.ee.component.NamespaceContextInterceptor.processInvocation(NamespaceContextInterceptor.java:50)
	at org.jboss.invocation.InterceptorContext.proceed(InterceptorContext.java:309)
	at org.jboss.as.ejb3.component.interceptors.AdditionalSetupInterceptor.processInvocation(AdditionalSetupInterceptor.java:55) [wildfly-ejb3-8.2.1.Final.jar:8.2.1.Final]
	at org.jboss.invocation.InterceptorContext.proceed(InterceptorContext.java:309)
	at org.jboss.invocation.ContextClassLoaderInterceptor.processInvocation(ContextClassLoaderInterceptor.java:64)
	at org.jboss.invocation.InterceptorContext.proceed(InterceptorContext.java:309)
	at org.jboss.invocation.InterceptorContext.run(InterceptorContext.java:326)
	at org.wildfly.security.manager.WildFlySecurityManager.doChecked(WildFlySecurityManager.java:448)
	at org.jboss.invocation.AccessCheckingInterceptor.processInvocation(AccessCheckingInterceptor.java:61)
	at org.jboss.invocation.InterceptorContext.proceed(InterceptorContext.java:309)
	at org.jboss.invocation.InterceptorContext.run(InterceptorContext.java:326)
	at org.jboss.invocation.PrivilegedWithCombinerInterceptor.processInvocation(PrivilegedWithCombinerInterceptor.java:80)
	at org.jboss.invocation.InterceptorContext.proceed(InterceptorContext.java:309)
	at org.jboss.invocation.ChainedInterceptor.processInvocation(ChainedInterceptor.java:61)
	at org.jboss.as.ee.component.ViewService$View.invoke(ViewService.java:185)
	at org.jboss.as.ee.component.ViewDescription$1.processInvocation(ViewDescription.java:182)
	at org.jboss.invocation.InterceptorContext.proceed(InterceptorContext.java:309)
	at org.jboss.invocation.ChainedInterceptor.processInvocation(ChainedInterceptor.java:61)
	at org.jboss.as.ee.component.ProxyInvocationHandler.invoke(ProxyInvocationHandler.java:73)
	at org.woehlke.javaee7.petclinic.dao.VetDao$$$view4.search(Unknown Source) [classes:]
	at org.woehlke.javaee7.petclinic.web.VetController.search(VetController.java:130) [classes:]
	at sun.reflect.NativeMethodAccessorImpl.invoke0(Native Method) [rt.jar:1.8.0_121]
	at sun.reflect.NativeMethodAccessorImpl.invoke(NativeMethodAccessorImpl.java:62) [rt.jar:1.8.0_121]
	at sun.reflect.DelegatingMethodAccessorImpl.invoke(DelegatingMethodAccessorImpl.java:43) [rt.jar:1.8.0_121]
	at java.lang.reflect.Method.invoke(Method.java:498) [rt.jar:1.8.0_121]
	at com.sun.el.parser.AstValue.invoke(AstValue.java:292) [javax.el-3.0.1-b05.jar:]
	at com.sun.el.MethodExpressionImpl.invoke(MethodExpressionImpl.java:304) [javax.el-3.0.1-b05.jar:]
	at org.jboss.weld.util.el.ForwardingMethodExpression.invoke(ForwardingMethodExpression.java:40) [weld-core-impl-2.2.6.Final.jar:2014-10-03 10:05]
	at org.jboss.weld.el.WeldMethodExpression.invoke(WeldMethodExpression.java:50) [weld-core-impl-2.2.6.Final.jar:2014-10-03 10:05]
	at org.jboss.weld.util.el.ForwardingMethodExpression.invoke(ForwardingMethodExpression.java:40) [weld-core-impl-2.2.6.Final.jar:2014-10-03 10:05]
	at org.jboss.weld.el.WeldMethodExpression.invoke(WeldMethodExpression.java:50) [weld-core-impl-2.2.6.Final.jar:2014-10-03 10:05]
	at com.sun.faces.facelets.el.TagMethodExpression.invoke(TagMethodExpression.java:105) [jsf-impl-2.2.8-jbossorg-1.jar:]
	at javax.faces.component.MethodBindingMethodExpressionAdapter.invoke(MethodBindingMethodExpressionAdapter.java:87) [jboss-jsf-api_2.2_spec-2.2.8.jar:2.2.8]
	at com.sun.faces.application.ActionListenerImpl.processAction(ActionListenerImpl.java:102) [jsf-impl-2.2.8-jbossorg-1.jar:]
	at javax.faces.component.UICommand.broadcast(UICommand.java:315) [jboss-jsf-api_2.2_spec-2.2.8.jar:2.2.8]
	at javax.faces.component.UIViewRoot.broadcastEvents(UIViewRoot.java:790) [jboss-jsf-api_2.2_spec-2.2.8.jar:2.2.8]
	at javax.faces.component.UIViewRoot.processApplication(UIViewRoot.java:1282) [jboss-jsf-api_2.2_spec-2.2.8.jar:2.2.8]
	at com.sun.faces.lifecycle.InvokeApplicationPhase.execute(InvokeApplicationPhase.java:81) [jsf-impl-2.2.8-jbossorg-1.jar:]
	at com.sun.faces.lifecycle.Phase.doPhase(Phase.java:101) [jsf-impl-2.2.8-jbossorg-1.jar:]
	at com.sun.faces.lifecycle.LifecycleImpl.execute(LifecycleImpl.java:198) [jsf-impl-2.2.8-jbossorg-1.jar:]
	at javax.faces.webapp.FacesServlet.service(FacesServlet.java:646) [jboss-jsf-api_2.2_spec-2.2.8.jar:2.2.8]
	at io.undertow.servlet.handlers.ServletHandler.handleRequest(ServletHandler.java:86) [undertow-servlet-1.1.8.Final.jar:1.1.8.Final]
	at io.undertow.servlet.handlers.security.ServletSecurityRoleHandler.handleRequest(ServletSecurityRoleHandler.java:62) [undertow-servlet-1.1.8.Final.jar:1.1.8.Final]
	at io.undertow.servlet.handlers.ServletDispatchingHandler.handleRequest(ServletDispatchingHandler.java:36) [undertow-servlet-1.1.8.Final.jar:1.1.8.Final]
	at org.wildfly.extension.undertow.security.SecurityContextAssociationHandler.handleRequest(SecurityContextAssociationHandler.java:78)
	at io.undertow.server.handlers.PredicateHandler.handleRequest(PredicateHandler.java:43) [undertow-core-1.1.8.Final.jar:1.1.8.Final]
	at io.undertow.servlet.handlers.security.SSLInformationAssociationHandler.handleRequest(SSLInformationAssociationHandler.java:131) [undertow-servlet-1.1.8.Final.jar:1.1.8.Final]
	at io.undertow.servlet.handlers.security.ServletAuthenticationCallHandler.handleRequest(ServletAuthenticationCallHandler.java:57) [undertow-servlet-1.1.8.Final.jar:1.1.8.Final]
	at io.undertow.server.handlers.PredicateHandler.handleRequest(PredicateHandler.java:43) [undertow-core-1.1.8.Final.jar:1.1.8.Final]
	at io.undertow.security.handlers.AbstractConfidentialityHandler.handleRequest(AbstractConfidentialityHandler.java:46) [undertow-core-1.1.8.Final.jar:1.1.8.Final]
	at io.undertow.servlet.handlers.security.ServletConfidentialityConstraintHandler.handleRequest(ServletConfidentialityConstraintHandler.java:64) [undertow-servlet-1.1.8.Final.jar:1.1.8.Final]
	at io.undertow.security.handlers.AuthenticationMechanismsHandler.handleRequest(AuthenticationMechanismsHandler.java:58) [undertow-core-1.1.8.Final.jar:1.1.8.Final]
	at io.undertow.servlet.handlers.security.CachedAuthenticatedSessionHandler.handleRequest(CachedAuthenticatedSessionHandler.java:70) [undertow-servlet-1.1.8.Final.jar:1.1.8.Final]
	at io.undertow.security.handlers.SecurityInitialHandler.handleRequest(SecurityInitialHandler.java:76) [undertow-core-1.1.8.Final.jar:1.1.8.Final]
	at io.undertow.server.handlers.PredicateHandler.handleRequest(PredicateHandler.java:43) [undertow-core-1.1.8.Final.jar:1.1.8.Final]
	at org.wildfly.extension.undertow.security.jacc.JACCContextIdHandler.handleRequest(JACCContextIdHandler.java:61)
	at io.undertow.server.handlers.PredicateHandler.handleRequest(PredicateHandler.java:43) [undertow-core-1.1.8.Final.jar:1.1.8.Final]
	at io.undertow.server.handlers.PredicateHandler.handleRequest(PredicateHandler.java:43) [undertow-core-1.1.8.Final.jar:1.1.8.Final]
	at io.undertow.servlet.handlers.ServletInitialHandler.handleFirstRequest(ServletInitialHandler.java:261) [undertow-servlet-1.1.8.Final.jar:1.1.8.Final]
	at io.undertow.servlet.handlers.ServletInitialHandler.dispatchRequest(ServletInitialHandler.java:248) [undertow-servlet-1.1.8.Final.jar:1.1.8.Final]
	at io.undertow.servlet.handlers.ServletInitialHandler.access$000(ServletInitialHandler.java:77) [undertow-servlet-1.1.8.Final.jar:1.1.8.Final]
	at io.undertow.servlet.handlers.ServletInitialHandler$1.handleRequest(ServletInitialHandler.java:167) [undertow-servlet-1.1.8.Final.jar:1.1.8.Final]
	at io.undertow.server.Connectors.executeRootHandler(Connectors.java:199) [undertow-core-1.1.8.Final.jar:1.1.8.Final]
	at io.undertow.server.HttpServerExchange$1.run(HttpServerExchange.java:761) [undertow-core-1.1.8.Final.jar:1.1.8.Final]
	at java.util.concurrent.ThreadPoolExecutor.runWorker(ThreadPoolExecutor.java:1142) [rt.jar:1.8.0_121]
	at java.util.concurrent.ThreadPoolExecutor$Worker.run(ThreadPoolExecutor.java:617) [rt.jar:1.8.0_121]
	at java.lang.Thread.run(Thread.java:745) [rt.jar:1.8.0_121]
Caused by: org.hibernate.search.errors.EmptyQueryException: HSEARCH000146: The query string 'a' applied on field 'firstName' has no meaningfull tokens to be matched. Validate the query input against the Analyzer applied on this field.
	at org.hibernate.search.query.dsl.impl.ConnectedMultiFieldsTermQueryBuilder.createQuery(ConnectedMultiFieldsTermQueryBuilder.java:111) [hibernate-search-engine-4.5.0.Final.jar:4.5.0.Final]
	at org.hibernate.search.query.dsl.impl.ConnectedMultiFieldsTermQueryBuilder.createQuery(ConnectedMultiFieldsTermQueryBuilder.java:86) [hibernate-search-engine-4.5.0.Final.jar:4.5.0.Final]
	at org.woehlke.javaee7.petclinic.dao.VetDaoImpl.search(VetDaoImpl.java:70) [classes:]
	at sun.reflect.NativeMethodAccessorImpl.invoke0(Native Method) [rt.jar:1.8.0_121]
	at sun.reflect.NativeMethodAccessorImpl.invoke(NativeMethodAccessorImpl.java:62) [rt.jar:1.8.0_121]
	at sun.reflect.DelegatingMethodAccessorImpl.invoke(DelegatingMethodAccessorImpl.java:43) [rt.jar:1.8.0_121]
	at java.lang.reflect.Method.invoke(Method.java:498) [rt.jar:1.8.0_121]
	at org.jboss.as.ee.component.ManagedReferenceMethodInterceptor.processInvocation(ManagedReferenceMethodInterceptor.java:52)
	at org.jboss.invocation.InterceptorContext.proceed(InterceptorContext.java:309)
	at org.jboss.invocation.WeavedInterceptor.processInvocation(WeavedInterceptor.java:53)
	at org.jboss.as.ee.component.interceptors.UserInterceptorFactory$1.processInvocation(UserInterceptorFactory.java:63)
	at org.jboss.invocation.InterceptorContext.proceed(InterceptorContext.java:309)
	at org.jboss.invocation.InterceptorContext$Invocation.proceed(InterceptorContext.java:407)
	at org.jboss.as.weld.ejb.Jsr299BindingsInterceptor.doMethodInterception(Jsr299BindingsInterceptor.java:82) [wildfly-weld-8.2.1.Final.jar:8.2.1.Final]
	at org.jboss.as.weld.ejb.Jsr299BindingsInterceptor.processInvocation(Jsr299BindingsInterceptor.java:93) [wildfly-weld-8.2.1.Final.jar:8.2.1.Final]
	at org.jboss.as.ee.component.interceptors.UserInterceptorFactory$1.processInvocation(UserInterceptorFactory.java:63)
	at org.jboss.invocation.InterceptorContext.proceed(InterceptorContext.java:309)
	at org.jboss.invocation.WeavedInterceptor.processInvocation(WeavedInterceptor.java:53)
	at org.jboss.as.ee.component.interceptors.UserInterceptorFactory$1.processInvocation(UserInterceptorFactory.java:63)
	at org.jboss.invocation.InterceptorContext.proceed(InterceptorContext.java:309)
	at org.jboss.as.ejb3.component.invocationmetrics.ExecutionTimeInterceptor.processInvocation(ExecutionTimeInterceptor.java:43) [wildfly-ejb3-8.2.1.Final.jar:8.2.1.Final]
	at org.jboss.invocation.InterceptorContext.proceed(InterceptorContext.java:309)
	at org.jboss.as.jpa.interceptor.SBInvocationInterceptor.processInvocation(SBInvocationInterceptor.java:47) [wildfly-jpa-8.2.1.Final.jar:8.2.1.Final]
	at org.jboss.invocation.InterceptorContext.proceed(InterceptorContext.java:309)
	at org.jboss.invocation.InterceptorContext$Invocation.proceed(InterceptorContext.java:407)
	at org.jboss.weld.ejb.AbstractEJBRequestScopeActivationInterceptor.aroundInvoke(AbstractEJBRequestScopeActivationInterceptor.java:46) [weld-core-impl-2.2.6.Final.jar:2014-10-03 10:05]
	at org.jboss.as.weld.ejb.EjbRequestScopeActivationInterceptor.processInvocation(EjbRequestScopeActivationInterceptor.java:83) [wildfly-weld-8.2.1.Final.jar:8.2.1.Final]
	at org.jboss.invocation.InterceptorContext.proceed(InterceptorContext.java:309)
	at org.jboss.as.ee.concurrent.ConcurrentContextInterceptor.processInvocation(ConcurrentContextInterceptor.java:45) [wildfly-ee-8.2.1.Final.jar:8.2.1.Final]
	at org.jboss.invocation.InterceptorContext.proceed(InterceptorContext.java:309)
	at org.jboss.invocation.InitialInterceptor.processInvocation(InitialInterceptor.java:21)
	at org.jboss.invocation.InterceptorContext.proceed(InterceptorContext.java:309)
	at org.jboss.invocation.ChainedInterceptor.processInvocation(ChainedInterceptor.java:61)
	at org.jboss.as.ee.component.interceptors.ComponentDispatcherInterceptor.processInvocation(ComponentDispatcherInterceptor.java:53)
	at org.jboss.invocation.InterceptorContext.proceed(InterceptorContext.java:309)
	at org.jboss.as.ejb3.component.interceptors.NonPooledEJBComponentInstanceAssociatingInterceptor.processInvocation(NonPooledEJBComponentInstanceAssociatingInterceptor.java:59) [wildfly-ejb3-8.2.1.Final.jar:8.2.1.Final]
	at org.jboss.invocation.InterceptorContext.proceed(InterceptorContext.java:309)
	at org.jboss.as.ejb3.tx.CMTTxInterceptor.invokeInOurTx(CMTTxInterceptor.java:273) [wildfly-ejb3-8.2.1.Final.jar:8.2.1.Final]
	... 80 more

2017-09-13 20:07:19,341 WARNING [org.richfaces.log.Components] (default task-35) Datascroller specialtiesForm:scroller: The requested page #0 isn't found in the model containing 1 pages. Paging is reset to page #1
2017-09-13 20:07:20,555 WARNING [org.richfaces.log.Components] (default task-37) Datascroller petTypesForm:scroller: The requested page #0 isn't found in the model containing 1 pages. Paging is reset to page #1
2017-09-13 20:18:15,432 INFO  [org.jboss.as.repository] (management-handler-thread - 1) JBAS014900: Content added at location /home/15280414/Desktop/petclinic/javaee7-petclinic/wildfly-8.2.1.Final/standalone/data/content/e8/5508c3dac85025ab804ef8146cc9e0ef53548c/content
2017-09-13 20:18:15,440 INFO  [org.wildfly.extension.undertow] (MSC service thread 1-2) JBAS017535: Unregistered web context: /javaee7-petclinic-1.3-SNAPSHOT
2017-09-13 20:18:15,465 INFO  [org.jboss.as.jpa] (ServerService Thread Pool -- 68) JBAS011410: Stopping Persistence Unit (phase 2 of 2) Service 'javaee7-petclinic-1.3-SNAPSHOT.war#javaee7petclinic'
2017-09-13 20:18:15,469 INFO  [org.jboss.weld.deployer] (MSC service thread 1-2) JBAS016009: Stopping weld service for deployment javaee7-petclinic-1.3-SNAPSHOT.war
2017-09-13 20:18:15,500 INFO  [org.jboss.as.jpa] (ServerService Thread Pool -- 68) JBAS011410: Stopping Persistence Unit (phase 1 of 2) Service 'javaee7-petclinic-1.3-SNAPSHOT.war#javaee7petclinic'
2017-09-13 20:18:15,520 INFO  [org.jboss.as.server.deployment] (MSC service thread 1-4) JBAS015877: Stopped deployment javaee7-petclinic-1.3-SNAPSHOT.war (runtime-name: javaee7-petclinic-1.3-SNAPSHOT.war) in 84ms
2017-09-13 20:18:15,521 INFO  [org.jboss.as.server.deployment] (MSC service thread 1-4) JBAS015876: Starting deployment of "javaee7-petclinic-1.3-SNAPSHOT.war" (runtime-name: "javaee7-petclinic-1.3-SNAPSHOT.war")
2017-09-13 20:18:16,162 INFO  [org.jboss.as.jpa] (MSC service thread 1-1) JBAS011401: Read persistence.xml for javaee7petclinic
2017-09-13 20:18:16,196 INFO  [org.jboss.as.server.deployment] (MSC service thread 1-8) JBAS015877: Stopped deployment javaee7-petclinic-1.3-SNAPSHOT.war (runtime-name: javaee7-petclinic-1.3-SNAPSHOT.war) in 674ms
2017-09-13 20:18:16,197 INFO  [org.jboss.as.server.deployment] (MSC service thread 1-1) JBAS015876: Starting deployment of "javaee7-petclinic-1.3-SNAPSHOT.war" (runtime-name: "javaee7-petclinic-1.3-SNAPSHOT.war")
2017-09-13 20:18:16,755 INFO  [org.jboss.as.jpa] (MSC service thread 1-8) JBAS011401: Read persistence.xml for javaee7petclinic
2017-09-13 20:18:16,804 INFO  [org.jboss.as.jpa] (ServerService Thread Pool -- 68) JBAS011409: Starting Persistence Unit (phase 1 of 2) Service 'javaee7-petclinic-1.3-SNAPSHOT.war#javaee7petclinic'
2017-09-13 20:18:16,805 INFO  [org.hibernate.jpa.internal.util.LogHelper] (ServerService Thread Pool -- 68) HHH000204: Processing PersistenceUnitInfo [
	name: javaee7petclinic
	...]
2017-09-13 20:18:16,876 INFO  [org.jboss.weld.deployer] (MSC service thread 1-8) JBAS016002: Processing weld deployment javaee7-petclinic-1.3-SNAPSHOT.war
2017-09-13 20:18:16,880 INFO  [org.jboss.as.ejb3.deployment.processors.EjbJndiBindingsDeploymentUnitProcessor] (MSC service thread 1-8) JNDI bindings for session bean named VetWebservice in deployment unit deployment "javaee7-petclinic-1.3-SNAPSHOT.war" are as follows:

	java:global/javaee7-petclinic-1.3-SNAPSHOT/VetWebservice!org.woehlke.javaee7.petclinic.services.VetWebservice
	java:app/javaee7-petclinic-1.3-SNAPSHOT/VetWebservice!org.woehlke.javaee7.petclinic.services.VetWebservice
	java:module/VetWebservice!org.woehlke.javaee7.petclinic.services.VetWebservice
	java:global/javaee7-petclinic-1.3-SNAPSHOT/VetWebservice
	java:app/javaee7-petclinic-1.3-SNAPSHOT/VetWebservice
	java:module/VetWebservice

2017-09-13 20:18:16,880 INFO  [org.jboss.as.ejb3.deployment.processors.EjbJndiBindingsDeploymentUnitProcessor] (MSC service thread 1-8) JNDI bindings for session bean named SpecialtyDaoImpl in deployment unit deployment "javaee7-petclinic-1.3-SNAPSHOT.war" are as follows:

	java:global/javaee7-petclinic-1.3-SNAPSHOT/SpecialtyDaoImpl!org.woehlke.javaee7.petclinic.dao.SpecialtyDao
	java:app/javaee7-petclinic-1.3-SNAPSHOT/SpecialtyDaoImpl!org.woehlke.javaee7.petclinic.dao.SpecialtyDao
	java:module/SpecialtyDaoImpl!org.woehlke.javaee7.petclinic.dao.SpecialtyDao
	java:global/javaee7-petclinic-1.3-SNAPSHOT/SpecialtyDaoImpl
	java:app/javaee7-petclinic-1.3-SNAPSHOT/SpecialtyDaoImpl
	java:module/SpecialtyDaoImpl

2017-09-13 20:18:16,881 INFO  [org.jboss.as.ejb3.deployment.processors.EjbJndiBindingsDeploymentUnitProcessor] (MSC service thread 1-8) JNDI bindings for session bean named OwnerServiceImpl in deployment unit deployment "javaee7-petclinic-1.3-SNAPSHOT.war" are as follows:

	java:global/javaee7-petclinic-1.3-SNAPSHOT/OwnerServiceImpl!org.woehlke.javaee7.petclinic.services.OwnerService
	java:app/javaee7-petclinic-1.3-SNAPSHOT/OwnerServiceImpl!org.woehlke.javaee7.petclinic.services.OwnerService
	java:module/OwnerServiceImpl!org.woehlke.javaee7.petclinic.services.OwnerService
	java:global/javaee7-petclinic-1.3-SNAPSHOT/OwnerServiceImpl
	java:app/javaee7-petclinic-1.3-SNAPSHOT/OwnerServiceImpl
	java:module/OwnerServiceImpl

2017-09-13 20:18:16,881 INFO  [org.jboss.as.ejb3.deployment.processors.EjbJndiBindingsDeploymentUnitProcessor] (MSC service thread 1-8) JNDI bindings for session bean named VetDaoImpl in deployment unit deployment "javaee7-petclinic-1.3-SNAPSHOT.war" are as follows:

	java:global/javaee7-petclinic-1.3-SNAPSHOT/VetDaoImpl!org.woehlke.javaee7.petclinic.dao.VetDao
	java:app/javaee7-petclinic-1.3-SNAPSHOT/VetDaoImpl!org.woehlke.javaee7.petclinic.dao.VetDao
	java:module/VetDaoImpl!org.woehlke.javaee7.petclinic.dao.VetDao
	java:global/javaee7-petclinic-1.3-SNAPSHOT/VetDaoImpl
	java:app/javaee7-petclinic-1.3-SNAPSHOT/VetDaoImpl
	java:module/VetDaoImpl

2017-09-13 20:18:16,881 INFO  [org.jboss.as.ejb3.deployment.processors.EjbJndiBindingsDeploymentUnitProcessor] (MSC service thread 1-8) JNDI bindings for session bean named PetTypeDaoImpl in deployment unit deployment "javaee7-petclinic-1.3-SNAPSHOT.war" are as follows:

	java:global/javaee7-petclinic-1.3-SNAPSHOT/PetTypeDaoImpl!org.woehlke.javaee7.petclinic.dao.PetTypeDao
	java:app/javaee7-petclinic-1.3-SNAPSHOT/PetTypeDaoImpl!org.woehlke.javaee7.petclinic.dao.PetTypeDao
	java:module/PetTypeDaoImpl!org.woehlke.javaee7.petclinic.dao.PetTypeDao
	java:global/javaee7-petclinic-1.3-SNAPSHOT/PetTypeDaoImpl
	java:app/javaee7-petclinic-1.3-SNAPSHOT/PetTypeDaoImpl
	java:module/PetTypeDaoImpl

2017-09-13 20:18:16,881 INFO  [org.jboss.as.ejb3.deployment.processors.EjbJndiBindingsDeploymentUnitProcessor] (MSC service thread 1-8) JNDI bindings for session bean named VisitDaoImpl in deployment unit deployment "javaee7-petclinic-1.3-SNAPSHOT.war" are as follows:

	java:global/javaee7-petclinic-1.3-SNAPSHOT/VisitDaoImpl!org.woehlke.javaee7.petclinic.dao.VisitDao
	java:app/javaee7-petclinic-1.3-SNAPSHOT/VisitDaoImpl!org.woehlke.javaee7.petclinic.dao.VisitDao
	java:module/VisitDaoImpl!org.woehlke.javaee7.petclinic.dao.VisitDao
	java:global/javaee7-petclinic-1.3-SNAPSHOT/VisitDaoImpl
	java:app/javaee7-petclinic-1.3-SNAPSHOT/VisitDaoImpl
	java:module/VisitDaoImpl

2017-09-13 20:18:16,881 INFO  [org.jboss.as.ejb3.deployment.processors.EjbJndiBindingsDeploymentUnitProcessor] (MSC service thread 1-8) JNDI bindings for session bean named PetDaoImpl in deployment unit deployment "javaee7-petclinic-1.3-SNAPSHOT.war" are as follows:

	java:global/javaee7-petclinic-1.3-SNAPSHOT/PetDaoImpl!org.woehlke.javaee7.petclinic.dao.PetDao
	java:app/javaee7-petclinic-1.3-SNAPSHOT/PetDaoImpl!org.woehlke.javaee7.petclinic.dao.PetDao
	java:module/PetDaoImpl!org.woehlke.javaee7.petclinic.dao.PetDao
	java:global/javaee7-petclinic-1.3-SNAPSHOT/PetDaoImpl
	java:app/javaee7-petclinic-1.3-SNAPSHOT/PetDaoImpl
	java:module/PetDaoImpl

2017-09-13 20:18:16,881 INFO  [org.jboss.as.ejb3.deployment.processors.EjbJndiBindingsDeploymentUnitProcessor] (MSC service thread 1-8) JNDI bindings for session bean named OwnerDaoImpl in deployment unit deployment "javaee7-petclinic-1.3-SNAPSHOT.war" are as follows:

	java:global/javaee7-petclinic-1.3-SNAPSHOT/OwnerDaoImpl!org.woehlke.javaee7.petclinic.dao.OwnerDao
	java:app/javaee7-petclinic-1.3-SNAPSHOT/OwnerDaoImpl!org.woehlke.javaee7.petclinic.dao.OwnerDao
	java:module/OwnerDaoImpl!org.woehlke.javaee7.petclinic.dao.OwnerDao
	java:global/javaee7-petclinic-1.3-SNAPSHOT/OwnerDaoImpl
	java:app/javaee7-petclinic-1.3-SNAPSHOT/OwnerDaoImpl
	java:module/OwnerDaoImpl

2017-09-13 20:18:17,123 INFO  [org.jboss.weld.deployer] (MSC service thread 1-7) JBAS016005: Starting Services for CDI deployment: javaee7-petclinic-1.3-SNAPSHOT.war
2017-09-13 20:18:17,130 INFO  [org.jboss.weld.deployer] (MSC service thread 1-5) JBAS016008: Starting weld service for deployment javaee7-petclinic-1.3-SNAPSHOT.war
2017-09-13 20:18:17,136 INFO  [org.jboss.as.jpa] (ServerService Thread Pool -- 68) JBAS011409: Starting Persistence Unit (phase 2 of 2) Service 'javaee7-petclinic-1.3-SNAPSHOT.war#javaee7petclinic'
2017-09-13 20:18:17,140 INFO  [org.hibernate.dialect.Dialect] (ServerService Thread Pool -- 68) HHH000400: Using dialect: org.hibernate.dialect.H2Dialect
2017-09-13 20:18:17,141 WARN  [org.hibernate.dialect.H2Dialect] (ServerService Thread Pool -- 68) HHH000431: Unable to determine H2 database version, certain features may not work
2017-09-13 20:18:17,164 INFO  [org.hibernate.hql.internal.ast.ASTQueryTranslatorFactory] (ServerService Thread Pool -- 68) HHH000397: Using ASTQueryTranslatorFactory
2017-09-13 20:18:17,194 INFO  [org.hibernate.search.Version] (ServerService Thread Pool -- 68) HSEARCH000034: Hibernate Search 4.5.0.Final
2017-09-13 20:18:17,242 INFO  [org.hibernate.annotations.common.Version] (ServerService Thread Pool -- 68) HCANN000001: Hibernate Commons Annotations {4.0.4.Final}
2017-09-13 20:18:17,245 WARN  [org.hibernate.search.impl.ConfigContext] (ServerService Thread Pool -- 68) HSEARCH000075: Configuration setting hibernate.search.lucene_version was not specified, using LUCENE_CURRENT.
2017-09-13 20:18:17,351 INFO  [org.hibernate.dialect.Dialect] (ServerService Thread Pool -- 68) HHH000400: Using dialect: org.hibernate.dialect.H2Dialect
2017-09-13 20:18:17,352 WARN  [org.hibernate.dialect.H2Dialect] (ServerService Thread Pool -- 68) HHH000431: Unable to determine H2 database version, certain features may not work
2017-09-13 20:18:17,529 INFO  [org.richfaces.log.Webapp] (MSC service thread 1-2) Auto-registered servlet ResourceServlet with mapping '/org.richfaces.resources/*'
2017-09-13 20:18:17,532 INFO  [javax.enterprise.resource.webcontainer.jsf.config] (MSC service thread 1-2) Initializing Mojarra 2.2.8-jbossorg-1 20140822-1131 for context '/javaee7-petclinic-1.3-SNAPSHOT'
2017-09-13 20:18:18,559 INFO  [org.richfaces.log.Cache] (MSC service thread 1-2) Selected fallback cache factory
2017-09-13 20:18:18,559 INFO  [org.richfaces.log.Cache] (MSC service thread 1-2) Creating LRUMap cache instance using parameters: {org.jboss.weld.context.ignore.forward=false, resteasy.injector.factory=org.jboss.resteasy.cdi.CdiInjectorFactory, org.jboss.weld.context.ignore.include=false, resteasy.scanned.jndi.resources=java:app/javaee7-petclinic-1.3-SNAPSHOT/VetWebservice;org.woehlke.javaee7.petclinic.services.VetWebservice;true, resteasy.unwrapped.exceptions=javax.ejb.EJBException, org.jboss.jbossfaces.IS_CDI=true}
2017-09-13 20:18:18,560 INFO  [org.richfaces.log.Cache] (MSC service thread 1-2) Creating LRUMap cache instance of 512 items capacity
2017-09-13 20:18:18,564 INFO  [org.richfaces.log.Application] (MSC service thread 1-2) RichFaces Core by JBoss by Red Hat, version 4.5.17.Final
2017-09-13 20:18:18,565 WARNING [org.richfaces.log.Application] (MSC service thread 1-2) JMS API was found on the classpath; if you want to enable RichFaces Push JMS integration, set context-param 'org.richfaces.push.jms.enabled' in web.xml
2017-09-13 20:18:18,585 INFO  [org.jboss.resteasy.spi.ResteasyDeployment] (MSC service thread 1-2) Deploying javax.ws.rs.core.Application: class org.woehlke.javaee7.petclinic.services.JaxRsActivator
2017-09-13 20:18:18,589 INFO  [org.wildfly.extension.undertow] (MSC service thread 1-2) JBAS017534: Registered web context: /javaee7-petclinic-1.3-SNAPSHOT
2017-09-13 20:18:18,692 INFO  [org.jboss.as.server] (management-handler-thread - 1) JBAS018562: Redeployed "javaee7-petclinic-1.3-SNAPSHOT.war"
2017-09-13 20:18:18,692 INFO  [org.jboss.as.server] (management-handler-thread - 1) JBAS018565: Replaced deployment "javaee7-petclinic-1.3-SNAPSHOT.war" with deployment "javaee7-petclinic-1.3-SNAPSHOT.war"
2017-09-13 20:18:18,695 INFO  [org.jboss.as.repository] (management-handler-thread - 1) JBAS014901: Content removed from location /home/15280414/Desktop/petclinic/javaee7-petclinic/wildfly-8.2.1.Final/standalone/data/content/34/5a96167ac9cead3c0e5ef991487141b3dfdee3/content
2017-09-13 20:18:50,089 ERROR [io.undertow.request] (default task-55) UT005023: Exception handling request to /javaee7-petclinic-1.3-SNAPSHOT/hello.jsf: javax.servlet.ServletException: viewId:/hello.jsf - View /hello.jsf could not be restored.
	at javax.faces.webapp.FacesServlet.service(FacesServlet.java:659) [jboss-jsf-api_2.2_spec-2.2.8.jar:2.2.8]
	at io.undertow.servlet.handlers.ServletHandler.handleRequest(ServletHandler.java:86) [undertow-servlet-1.1.8.Final.jar:1.1.8.Final]
	at io.undertow.servlet.handlers.security.ServletSecurityRoleHandler.handleRequest(ServletSecurityRoleHandler.java:62) [undertow-servlet-1.1.8.Final.jar:1.1.8.Final]
	at io.undertow.servlet.handlers.ServletDispatchingHandler.handleRequest(ServletDispatchingHandler.java:36) [undertow-servlet-1.1.8.Final.jar:1.1.8.Final]
	at org.wildfly.extension.undertow.security.SecurityContextAssociationHandler.handleRequest(SecurityContextAssociationHandler.java:78)
	at io.undertow.server.handlers.PredicateHandler.handleRequest(PredicateHandler.java:43) [undertow-core-1.1.8.Final.jar:1.1.8.Final]
	at io.undertow.servlet.handlers.security.SSLInformationAssociationHandler.handleRequest(SSLInformationAssociationHandler.java:131) [undertow-servlet-1.1.8.Final.jar:1.1.8.Final]
	at io.undertow.servlet.handlers.security.ServletAuthenticationCallHandler.handleRequest(ServletAuthenticationCallHandler.java:57) [undertow-servlet-1.1.8.Final.jar:1.1.8.Final]
	at io.undertow.server.handlers.PredicateHandler.handleRequest(PredicateHandler.java:43) [undertow-core-1.1.8.Final.jar:1.1.8.Final]
	at io.undertow.security.handlers.AbstractConfidentialityHandler.handleRequest(AbstractConfidentialityHandler.java:46) [undertow-core-1.1.8.Final.jar:1.1.8.Final]
	at io.undertow.servlet.handlers.security.ServletConfidentialityConstraintHandler.handleRequest(ServletConfidentialityConstraintHandler.java:64) [undertow-servlet-1.1.8.Final.jar:1.1.8.Final]
	at io.undertow.security.handlers.AuthenticationMechanismsHandler.handleRequest(AuthenticationMechanismsHandler.java:58) [undertow-core-1.1.8.Final.jar:1.1.8.Final]
	at io.undertow.servlet.handlers.security.CachedAuthenticatedSessionHandler.handleRequest(CachedAuthenticatedSessionHandler.java:70) [undertow-servlet-1.1.8.Final.jar:1.1.8.Final]
	at io.undertow.security.handlers.SecurityInitialHandler.handleRequest(SecurityInitialHandler.java:76) [undertow-core-1.1.8.Final.jar:1.1.8.Final]
	at io.undertow.server.handlers.PredicateHandler.handleRequest(PredicateHandler.java:43) [undertow-core-1.1.8.Final.jar:1.1.8.Final]
	at org.wildfly.extension.undertow.security.jacc.JACCContextIdHandler.handleRequest(JACCContextIdHandler.java:61)
	at io.undertow.server.handlers.PredicateHandler.handleRequest(PredicateHandler.java:43) [undertow-core-1.1.8.Final.jar:1.1.8.Final]
	at io.undertow.server.handlers.PredicateHandler.handleRequest(PredicateHandler.java:43) [undertow-core-1.1.8.Final.jar:1.1.8.Final]
	at io.undertow.servlet.handlers.ServletInitialHandler.handleFirstRequest(ServletInitialHandler.java:261) [undertow-servlet-1.1.8.Final.jar:1.1.8.Final]
	at io.undertow.servlet.handlers.ServletInitialHandler.dispatchRequest(ServletInitialHandler.java:248) [undertow-servlet-1.1.8.Final.jar:1.1.8.Final]
	at io.undertow.servlet.handlers.ServletInitialHandler.access$000(ServletInitialHandler.java:77) [undertow-servlet-1.1.8.Final.jar:1.1.8.Final]
	at io.undertow.servlet.handlers.ServletInitialHandler$1.handleRequest(ServletInitialHandler.java:167) [undertow-servlet-1.1.8.Final.jar:1.1.8.Final]
	at io.undertow.server.Connectors.executeRootHandler(Connectors.java:199) [undertow-core-1.1.8.Final.jar:1.1.8.Final]
	at io.undertow.server.HttpServerExchange$1.run(HttpServerExchange.java:761) [undertow-core-1.1.8.Final.jar:1.1.8.Final]
	at java.util.concurrent.ThreadPoolExecutor.runWorker(ThreadPoolExecutor.java:1142) [rt.jar:1.8.0_121]
	at java.util.concurrent.ThreadPoolExecutor$Worker.run(ThreadPoolExecutor.java:617) [rt.jar:1.8.0_121]
	at java.lang.Thread.run(Thread.java:745) [rt.jar:1.8.0_121]
Caused by: javax.faces.application.ViewExpiredException: viewId:/hello.jsf - View /hello.jsf could not be restored.
	at com.sun.faces.lifecycle.RestoreViewPhase.execute(RestoreViewPhase.java:210) [jsf-impl-2.2.8-jbossorg-1.jar:]
	at com.sun.faces.lifecycle.Phase.doPhase(Phase.java:101) [jsf-impl-2.2.8-jbossorg-1.jar:]
	at com.sun.faces.lifecycle.RestoreViewPhase.doPhase(RestoreViewPhase.java:121) [jsf-impl-2.2.8-jbossorg-1.jar:]
	at com.sun.faces.lifecycle.LifecycleImpl.execute(LifecycleImpl.java:198) [jsf-impl-2.2.8-jbossorg-1.jar:]
	at javax.faces.webapp.FacesServlet.service(FacesServlet.java:646) [jboss-jsf-api_2.2_spec-2.2.8.jar:2.2.8]
	... 26 more

2017-09-13 20:30:16,085 INFO  [org.jboss.as.repository] (management-handler-thread - 1) JBAS014900: Content added at location /home/15280414/Desktop/petclinic/javaee7-petclinic/wildfly-8.2.1.Final/standalone/data/content/cd/89ff33a2592f1d7fda636e9a530112104d0e11/content
2017-09-13 20:30:16,086 INFO  [org.wildfly.extension.undertow] (MSC service thread 1-5) JBAS017535: Unregistered web context: /javaee7-petclinic-1.3-SNAPSHOT
2017-09-13 20:30:16,113 INFO  [org.jboss.as.jpa] (ServerService Thread Pool -- 85) JBAS011410: Stopping Persistence Unit (phase 2 of 2) Service 'javaee7-petclinic-1.3-SNAPSHOT.war#javaee7petclinic'
2017-09-13 20:30:16,117 INFO  [org.jboss.weld.deployer] (MSC service thread 1-7) JBAS016009: Stopping weld service for deployment javaee7-petclinic-1.3-SNAPSHOT.war
2017-09-13 20:30:16,143 INFO  [org.jboss.as.jpa] (ServerService Thread Pool -- 85) JBAS011410: Stopping Persistence Unit (phase 1 of 2) Service 'javaee7-petclinic-1.3-SNAPSHOT.war#javaee7petclinic'
2017-09-13 20:30:16,166 INFO  [org.jboss.as.server.deployment] (MSC service thread 1-4) JBAS015877: Stopped deployment javaee7-petclinic-1.3-SNAPSHOT.war (runtime-name: javaee7-petclinic-1.3-SNAPSHOT.war) in 80ms
2017-09-13 20:30:16,167 INFO  [org.jboss.as.server.deployment] (MSC service thread 1-8) JBAS015876: Starting deployment of "javaee7-petclinic-1.3-SNAPSHOT.war" (runtime-name: "javaee7-petclinic-1.3-SNAPSHOT.war")
2017-09-13 20:30:16,771 INFO  [org.jboss.as.jpa] (MSC service thread 1-8) JBAS011401: Read persistence.xml for javaee7petclinic
2017-09-13 20:30:16,819 INFO  [org.jboss.as.jpa] (ServerService Thread Pool -- 85) JBAS011409: Starting Persistence Unit (phase 1 of 2) Service 'javaee7-petclinic-1.3-SNAPSHOT.war#javaee7petclinic'
2017-09-13 20:30:16,820 INFO  [org.hibernate.jpa.internal.util.LogHelper] (ServerService Thread Pool -- 85) HHH000204: Processing PersistenceUnitInfo [
	name: javaee7petclinic
	...]
2017-09-13 20:30:16,877 INFO  [org.jboss.weld.deployer] (MSC service thread 1-4) JBAS016002: Processing weld deployment javaee7-petclinic-1.3-SNAPSHOT.war
2017-09-13 20:30:16,880 INFO  [org.jboss.as.ejb3.deployment.processors.EjbJndiBindingsDeploymentUnitProcessor] (MSC service thread 1-4) JNDI bindings for session bean named VetWebservice in deployment unit deployment "javaee7-petclinic-1.3-SNAPSHOT.war" are as follows:

	java:global/javaee7-petclinic-1.3-SNAPSHOT/VetWebservice!org.woehlke.javaee7.petclinic.services.VetWebservice
	java:app/javaee7-petclinic-1.3-SNAPSHOT/VetWebservice!org.woehlke.javaee7.petclinic.services.VetWebservice
	java:module/VetWebservice!org.woehlke.javaee7.petclinic.services.VetWebservice
	java:global/javaee7-petclinic-1.3-SNAPSHOT/VetWebservice
	java:app/javaee7-petclinic-1.3-SNAPSHOT/VetWebservice
	java:module/VetWebservice

2017-09-13 20:30:16,881 INFO  [org.jboss.as.ejb3.deployment.processors.EjbJndiBindingsDeploymentUnitProcessor] (MSC service thread 1-4) JNDI bindings for session bean named SpecialtyDaoImpl in deployment unit deployment "javaee7-petclinic-1.3-SNAPSHOT.war" are as follows:

	java:global/javaee7-petclinic-1.3-SNAPSHOT/SpecialtyDaoImpl!org.woehlke.javaee7.petclinic.dao.SpecialtyDao
	java:app/javaee7-petclinic-1.3-SNAPSHOT/SpecialtyDaoImpl!org.woehlke.javaee7.petclinic.dao.SpecialtyDao
	java:module/SpecialtyDaoImpl!org.woehlke.javaee7.petclinic.dao.SpecialtyDao
	java:global/javaee7-petclinic-1.3-SNAPSHOT/SpecialtyDaoImpl
	java:app/javaee7-petclinic-1.3-SNAPSHOT/SpecialtyDaoImpl
	java:module/SpecialtyDaoImpl

2017-09-13 20:30:16,881 INFO  [org.jboss.as.ejb3.deployment.processors.EjbJndiBindingsDeploymentUnitProcessor] (MSC service thread 1-4) JNDI bindings for session bean named OwnerServiceImpl in deployment unit deployment "javaee7-petclinic-1.3-SNAPSHOT.war" are as follows:

	java:global/javaee7-petclinic-1.3-SNAPSHOT/OwnerServiceImpl!org.woehlke.javaee7.petclinic.services.OwnerService
	java:app/javaee7-petclinic-1.3-SNAPSHOT/OwnerServiceImpl!org.woehlke.javaee7.petclinic.services.OwnerService
	java:module/OwnerServiceImpl!org.woehlke.javaee7.petclinic.services.OwnerService
	java:global/javaee7-petclinic-1.3-SNAPSHOT/OwnerServiceImpl
	java:app/javaee7-petclinic-1.3-SNAPSHOT/OwnerServiceImpl
	java:module/OwnerServiceImpl

2017-09-13 20:30:16,882 INFO  [org.jboss.as.ejb3.deployment.processors.EjbJndiBindingsDeploymentUnitProcessor] (MSC service thread 1-4) JNDI bindings for session bean named VetDaoImpl in deployment unit deployment "javaee7-petclinic-1.3-SNAPSHOT.war" are as follows:

	java:global/javaee7-petclinic-1.3-SNAPSHOT/VetDaoImpl!org.woehlke.javaee7.petclinic.dao.VetDao
	java:app/javaee7-petclinic-1.3-SNAPSHOT/VetDaoImpl!org.woehlke.javaee7.petclinic.dao.VetDao
	java:module/VetDaoImpl!org.woehlke.javaee7.petclinic.dao.VetDao
	java:global/javaee7-petclinic-1.3-SNAPSHOT/VetDaoImpl
	java:app/javaee7-petclinic-1.3-SNAPSHOT/VetDaoImpl
	java:module/VetDaoImpl

2017-09-13 20:30:16,882 INFO  [org.jboss.as.ejb3.deployment.processors.EjbJndiBindingsDeploymentUnitProcessor] (MSC service thread 1-4) JNDI bindings for session bean named PetTypeDaoImpl in deployment unit deployment "javaee7-petclinic-1.3-SNAPSHOT.war" are as follows:

	java:global/javaee7-petclinic-1.3-SNAPSHOT/PetTypeDaoImpl!org.woehlke.javaee7.petclinic.dao.PetTypeDao
	java:app/javaee7-petclinic-1.3-SNAPSHOT/PetTypeDaoImpl!org.woehlke.javaee7.petclinic.dao.PetTypeDao
	java:module/PetTypeDaoImpl!org.woehlke.javaee7.petclinic.dao.PetTypeDao
	java:global/javaee7-petclinic-1.3-SNAPSHOT/PetTypeDaoImpl
	java:app/javaee7-petclinic-1.3-SNAPSHOT/PetTypeDaoImpl
	java:module/PetTypeDaoImpl

2017-09-13 20:30:16,884 INFO  [org.jboss.as.ejb3.deployment.processors.EjbJndiBindingsDeploymentUnitProcessor] (MSC service thread 1-4) JNDI bindings for session bean named VisitDaoImpl in deployment unit deployment "javaee7-petclinic-1.3-SNAPSHOT.war" are as follows:

	java:global/javaee7-petclinic-1.3-SNAPSHOT/VisitDaoImpl!org.woehlke.javaee7.petclinic.dao.VisitDao
	java:app/javaee7-petclinic-1.3-SNAPSHOT/VisitDaoImpl!org.woehlke.javaee7.petclinic.dao.VisitDao
	java:module/VisitDaoImpl!org.woehlke.javaee7.petclinic.dao.VisitDao
	java:global/javaee7-petclinic-1.3-SNAPSHOT/VisitDaoImpl
	java:app/javaee7-petclinic-1.3-SNAPSHOT/VisitDaoImpl
	java:module/VisitDaoImpl

2017-09-13 20:30:16,886 INFO  [org.jboss.as.ejb3.deployment.processors.EjbJndiBindingsDeploymentUnitProcessor] (MSC service thread 1-4) JNDI bindings for session bean named PetDaoImpl in deployment unit deployment "javaee7-petclinic-1.3-SNAPSHOT.war" are as follows:

	java:global/javaee7-petclinic-1.3-SNAPSHOT/PetDaoImpl!org.woehlke.javaee7.petclinic.dao.PetDao
	java:app/javaee7-petclinic-1.3-SNAPSHOT/PetDaoImpl!org.woehlke.javaee7.petclinic.dao.PetDao
	java:module/PetDaoImpl!org.woehlke.javaee7.petclinic.dao.PetDao
	java:global/javaee7-petclinic-1.3-SNAPSHOT/PetDaoImpl
	java:app/javaee7-petclinic-1.3-SNAPSHOT/PetDaoImpl
	java:module/PetDaoImpl

2017-09-13 20:30:16,888 INFO  [org.jboss.as.ejb3.deployment.processors.EjbJndiBindingsDeploymentUnitProcessor] (MSC service thread 1-4) JNDI bindings for session bean named OwnerDaoImpl in deployment unit deployment "javaee7-petclinic-1.3-SNAPSHOT.war" are as follows:

	java:global/javaee7-petclinic-1.3-SNAPSHOT/OwnerDaoImpl!org.woehlke.javaee7.petclinic.dao.OwnerDao
	java:app/javaee7-petclinic-1.3-SNAPSHOT/OwnerDaoImpl!org.woehlke.javaee7.petclinic.dao.OwnerDao
	java:module/OwnerDaoImpl!org.woehlke.javaee7.petclinic.dao.OwnerDao
	java:global/javaee7-petclinic-1.3-SNAPSHOT/OwnerDaoImpl
	java:app/javaee7-petclinic-1.3-SNAPSHOT/OwnerDaoImpl
	java:module/OwnerDaoImpl

2017-09-13 20:30:17,111 INFO  [org.jboss.weld.deployer] (MSC service thread 1-2) JBAS016005: Starting Services for CDI deployment: javaee7-petclinic-1.3-SNAPSHOT.war
2017-09-13 20:30:17,114 INFO  [org.jboss.weld.deployer] (MSC service thread 1-7) JBAS016008: Starting weld service for deployment javaee7-petclinic-1.3-SNAPSHOT.war
2017-09-13 20:30:17,120 INFO  [org.jboss.as.jpa] (ServerService Thread Pool -- 85) JBAS011409: Starting Persistence Unit (phase 2 of 2) Service 'javaee7-petclinic-1.3-SNAPSHOT.war#javaee7petclinic'
2017-09-13 20:30:17,124 INFO  [org.hibernate.dialect.Dialect] (ServerService Thread Pool -- 85) HHH000400: Using dialect: org.hibernate.dialect.H2Dialect
2017-09-13 20:30:17,124 WARN  [org.hibernate.dialect.H2Dialect] (ServerService Thread Pool -- 85) HHH000431: Unable to determine H2 database version, certain features may not work
2017-09-13 20:30:17,141 INFO  [org.hibernate.hql.internal.ast.ASTQueryTranslatorFactory] (ServerService Thread Pool -- 85) HHH000397: Using ASTQueryTranslatorFactory
2017-09-13 20:30:17,168 INFO  [org.hibernate.search.Version] (ServerService Thread Pool -- 85) HSEARCH000034: Hibernate Search 4.5.0.Final
2017-09-13 20:30:17,223 INFO  [org.hibernate.annotations.common.Version] (ServerService Thread Pool -- 85) HCANN000001: Hibernate Commons Annotations {4.0.4.Final}
2017-09-13 20:30:17,226 WARN  [org.hibernate.search.impl.ConfigContext] (ServerService Thread Pool -- 85) HSEARCH000075: Configuration setting hibernate.search.lucene_version was not specified, using LUCENE_CURRENT.
2017-09-13 20:30:17,332 INFO  [org.hibernate.dialect.Dialect] (ServerService Thread Pool -- 85) HHH000400: Using dialect: org.hibernate.dialect.H2Dialect
2017-09-13 20:30:17,332 WARN  [org.hibernate.dialect.H2Dialect] (ServerService Thread Pool -- 85) HHH000431: Unable to determine H2 database version, certain features may not work
2017-09-13 20:30:17,550 INFO  [org.richfaces.log.Webapp] (MSC service thread 1-3) Auto-registered servlet ResourceServlet with mapping '/org.richfaces.resources/*'
2017-09-13 20:30:17,553 INFO  [javax.enterprise.resource.webcontainer.jsf.config] (MSC service thread 1-3) Initializing Mojarra 2.2.8-jbossorg-1 20140822-1131 for context '/javaee7-petclinic-1.3-SNAPSHOT'
2017-09-13 20:30:18,245 INFO  [org.richfaces.log.Cache] (MSC service thread 1-3) Selected fallback cache factory
2017-09-13 20:30:18,245 INFO  [org.richfaces.log.Cache] (MSC service thread 1-3) Creating LRUMap cache instance using parameters: {org.jboss.weld.context.ignore.forward=false, resteasy.injector.factory=org.jboss.resteasy.cdi.CdiInjectorFactory, org.jboss.weld.context.ignore.include=false, resteasy.scanned.jndi.resources=java:app/javaee7-petclinic-1.3-SNAPSHOT/VetWebservice;org.woehlke.javaee7.petclinic.services.VetWebservice;true, resteasy.unwrapped.exceptions=javax.ejb.EJBException, org.jboss.jbossfaces.IS_CDI=true}
2017-09-13 20:30:18,245 INFO  [org.richfaces.log.Cache] (MSC service thread 1-3) Creating LRUMap cache instance of 512 items capacity
2017-09-13 20:30:18,250 INFO  [org.richfaces.log.Application] (MSC service thread 1-3) RichFaces Core by JBoss by Red Hat, version 4.5.17.Final
2017-09-13 20:30:18,252 WARNING [org.richfaces.log.Application] (MSC service thread 1-3) JMS API was found on the classpath; if you want to enable RichFaces Push JMS integration, set context-param 'org.richfaces.push.jms.enabled' in web.xml
2017-09-13 20:30:18,265 INFO  [org.jboss.resteasy.spi.ResteasyDeployment] (MSC service thread 1-3) Deploying javax.ws.rs.core.Application: class org.woehlke.javaee7.petclinic.services.JaxRsActivator
2017-09-13 20:30:18,267 INFO  [org.wildfly.extension.undertow] (MSC service thread 1-3) JBAS017534: Registered web context: /javaee7-petclinic-1.3-SNAPSHOT
2017-09-13 20:30:18,361 INFO  [org.jboss.as.server] (management-handler-thread - 1) JBAS018562: Redeployed "javaee7-petclinic-1.3-SNAPSHOT.war"
2017-09-13 20:30:18,361 INFO  [org.jboss.as.server] (management-handler-thread - 1) JBAS018565: Replaced deployment "javaee7-petclinic-1.3-SNAPSHOT.war" with deployment "javaee7-petclinic-1.3-SNAPSHOT.war"
2017-09-13 20:30:18,363 INFO  [org.jboss.as.repository] (management-handler-thread - 1) JBAS014901: Content removed from location /home/15280414/Desktop/petclinic/javaee7-petclinic/wildfly-8.2.1.Final/standalone/data/content/e8/5508c3dac85025ab804ef8146cc9e0ef53548c/content
2017-09-13 20:30:53,553 WARNING [org.richfaces.log.Components] (default task-13) Datascroller petTypesForm:scroller: The requested page #0 isn't found in the model containing 1 pages. Paging is reset to page #1
